[INFO ] 2023-07-26 12:02:42.511 [main] UserTest - Sending the data
[INFO ] 2023-07-26 12:02:47.020 [main] UserTest - Created the user
[INFO ] 2023-07-26 12:02:47.040 [main] UserTest - Fetches data from server
[INFO ] 2023-07-26 12:02:51.202 [main] UserTest - Fetched data from server
[INFO ] 2023-07-26 12:02:51.215 [main] UserTest - Update user details
[INFO ] 2023-07-26 12:02:56.619 [main] UserTest - Updated user details
[INFO ] 2023-07-26 12:02:56.628 [main] UserTest - Delete data 
[INFO ] 2023-07-26 12:03:00.383 [main] UserTest - Deleted the data
[INFO ] 2023-07-26 12:28:07.289 [main] UserTest2 - Sending the data
[INFO ] 2023-07-26 12:28:11.732 [main] UserTest2 - Created the user
[INFO ] 2023-07-26 12:28:11.748 [main] UserTest2 - Fetches data from server
[INFO ] 2023-07-26 12:28:13.013 [main] UserTest2 - Fetched data from server
[INFO ] 2023-07-26 12:28:13.045 [main] UserTest2 - Update user details
[INFO ] 2023-07-26 12:28:19.116 [main] UserTest2 - Updated user details
[INFO ] 2023-07-26 12:28:19.132 [main] UserTest2 - Delete data 
[INFO ] 2023-07-26 12:28:21.661 [main] UserTest2 - Deleted the data
[INFO ] 2023-07-26 12:29:31.778 [main] UserTest - Sending the data
[INFO ] 2023-07-26 12:29:36.159 [main] UserTest - Created the user
[INFO ] 2023-07-26 12:29:36.169 [main] UserTest - Fetches data from server
[INFO ] 2023-07-26 12:29:38.521 [main] UserTest - Fetched data from server
[INFO ] 2023-07-26 12:29:38.534 [main] UserTest - Update user details
[INFO ] 2023-07-26 12:29:41.180 [main] UserTest - Updated user details
[INFO ] 2023-07-26 12:29:41.193 [main] UserTest - Delete data 
[INFO ] 2023-07-26 12:29:42.465 [main] UserTest - Deleted the data
[INFO ] 2023-07-26 12:30:47.828 [main] UserTest - Sending the data
[INFO ] 2023-07-26 12:30:52.762 [main] UserTest - Created the user
[INFO ] 2023-07-26 12:30:52.773 [main] UserTest - Fetches data from server
[INFO ] 2023-07-26 12:30:54.131 [main] UserTest - Fetched data from server
[INFO ] 2023-07-26 12:30:54.148 [main] UserTest - Update user details
[INFO ] 2023-07-26 12:30:56.761 [main] UserTest - Updated user details
[INFO ] 2023-07-26 12:30:56.773 [main] UserTest - Delete data 
[INFO ] 2023-07-26 12:30:57.999 [main] UserTest - Deleted the data
[INFO ] 2023-07-26 12:31:13.589 [main] UserTest2 - Sending the data
[INFO ] 2023-07-26 12:31:18.101 [main] UserTest2 - Created the user
[INFO ] 2023-07-26 12:31:18.117 [main] UserTest2 - Fetches data from server
[INFO ] 2023-07-26 12:31:19.410 [main] UserTest2 - Fetched data from server
[INFO ] 2023-07-26 12:31:19.419 [main] UserTest2 - Update user details
[INFO ] 2023-07-26 12:31:22.076 [main] UserTest2 - Updated user details
[INFO ] 2023-07-26 12:31:22.089 [main] UserTest2 - Delete data 
[INFO ] 2023-07-26 12:31:23.354 [main] UserTest2 - Deleted the data
[INFO ] 2023-07-26 12:36:44.135 [main] UserTest2 - Sending the data
[INFO ] 2023-07-26 12:36:48.717 [main] UserTest2 - Created the user
[INFO ] 2023-07-26 12:36:48.730 [main] UserTest2 - Fetches data from server
[INFO ] 2023-07-26 12:36:49.965 [main] UserTest2 - Fetched data from server
[INFO ] 2023-07-26 12:36:53.331 [main] UserTest2 - Delete data 
[INFO ] 2023-07-26 12:36:54.613 [main] UserTest2 - Deleted the data
[INFO ] 2023-07-26 12:38:31.514 [main] UserTest2 - Sending the data
[INFO ] 2023-07-26 12:38:35.956 [main] UserTest2 - Created the user
[INFO ] 2023-07-26 12:38:35.967 [main] UserTest2 - Fetches data from server
[INFO ] 2023-07-26 12:38:39.472 [main] UserTest2 - Fetched data from server
[INFO ] 2023-07-26 12:38:49.339 [main] UserTest2 - Delete data 
[INFO ] 2023-07-26 12:38:50.554 [main] UserTest2 - Deleted the data
[INFO ] 2023-07-26 12:39:45.783 [main] UserTest2 - Sending the data
[INFO ] 2023-07-26 12:39:50.422 [main] UserTest2 - Created the user
[INFO ] 2023-07-26 12:39:50.439 [main] UserTest2 - Fetches data from server
[INFO ] 2023-07-26 12:39:51.681 [main] UserTest2 - Fetched data from server
[INFO ] 2023-07-26 12:39:54.303 [main] UserTest2 - Delete data 
[INFO ] 2023-07-26 12:39:55.545 [main] UserTest2 - Deleted the data
[INFO ] 2023-07-26 12:40:31.355 [main] UserTest2 - Sending the data
[INFO ] 2023-07-26 12:40:36.517 [main] UserTest2 - Created the user
[INFO ] 2023-07-26 12:40:36.533 [main] UserTest2 - Fetches data from server
[INFO ] 2023-07-26 12:40:38.538 [main] UserTest2 - Fetched data from server
[INFO ] 2023-07-26 12:40:38.562 [main] UserTest2 - Update user details
[INFO ] 2023-07-26 12:40:41.112 [main] UserTest2 - Updated user details
[INFO ] 2023-07-26 12:40:41.128 [main] UserTest2 - Delete data 
[INFO ] 2023-07-26 12:40:42.742 [main] UserTest2 - Deleted the data
[INFO ] 2023-07-26 13:14:28.889 [main] UserTest - Sending the data
[INFO ] 2023-07-26 13:14:33.638 [main] UserTest - Created the user
[INFO ] 2023-07-26 13:14:33.651 [main] UserTest - Fetches data from server
[INFO ] 2023-07-26 13:14:35.175 [main] UserTest - Fetched data from server
[INFO ] 2023-07-26 13:14:35.188 [main] UserTest - Update user details
[INFO ] 2023-07-26 13:14:38.239 [main] UserTest - Updated user details
[INFO ] 2023-07-26 13:14:38.263 [main] UserTest - Delete data 
[INFO ] 2023-07-26 13:14:39.827 [main] UserTest - Deleted the data
[INFO ] 2023-07-26 13:14:48.723 [main] UserTest - Sending the data
[INFO ] 2023-07-26 13:14:53.096 [main] UserTest - Created the user
[INFO ] 2023-07-26 13:14:53.114 [main] UserTest - Fetches data from server
[INFO ] 2023-07-26 13:14:54.695 [main] UserTest - Fetched data from server
[INFO ] 2023-07-26 13:14:54.720 [main] UserTest - Update user details
[INFO ] 2023-07-26 13:14:57.906 [main] UserTest - Updated user details
[INFO ] 2023-07-26 13:14:57.914 [main] UserTest - Delete data 
[INFO ] 2023-07-26 13:14:59.410 [main] UserTest - Deleted the data
[INFO ] 2023-07-26 13:32:43.301 [main] UserTest - Sending the data
[INFO ] 2023-07-26 13:32:48.066 [main] UserTest - Created the user
[INFO ] 2023-07-26 13:32:48.085 [main] UserTest - Fetches data from server
[INFO ] 2023-07-26 13:32:49.838 [main] UserTest - Fetched data from server
[INFO ] 2023-07-26 13:32:49.847 [main] UserTest - Update user details
[INFO ] 2023-07-26 13:32:53.594 [main] UserTest - Updated user details
[INFO ] 2023-07-26 13:32:53.600 [main] UserTest - Delete data 
[INFO ] 2023-07-26 13:32:55.913 [main] UserTest - Deleted the data
[INFO ] 2023-07-26 13:35:00.729 [main] UserTest - Sending the data
[INFO ] 2023-07-26 13:35:06.498 [main] UserTest - Created the user
[INFO ] 2023-07-26 13:35:06.514 [main] UserTest - Fetches data from server
[INFO ] 2023-07-26 13:35:08.300 [main] UserTest - Fetched data from server
[INFO ] 2023-07-26 13:35:08.303 [main] UserTest - Update user details
[INFO ] 2023-07-26 13:35:12.119 [main] UserTest - Updated user details
[INFO ] 2023-07-26 13:35:12.122 [main] UserTest - Delete data 
[INFO ] 2023-07-26 13:35:13.997 [main] UserTest - Deleted the data
